<?xml version="1.0" encoding="UTF-8" ?>
<testsuite errors="0" failures="0" hostname="cwilliams-mac15" name="ElevatorControlSystemTest" skipped="0" tests="9" time="0.052" timestamp="2015-05-17T20:02:49">
  <properties>
[...]
</properties>
  <testcase classname="ElevatorControlSystemTest" name="directionRetained" time="0.003" />
  <testcase classname="ElevatorControlSystemTest" name="wrongDirectionInconvenient" time="0.0" />
  <testcase classname="ElevatorControlSystemTest" name="multipleElevatorsEngaged" time="0.0" />
  <testcase classname="ElevatorControlSystemTest" name="updateElevator" time="0.0" />
  <testcase classname="ElevatorControlSystemTest" name="allElevatorsStartAtGroundFloor" time="0.0" />
  <testcase classname="ElevatorControlSystemTest" name="sameFloorPickupRequest" time="0.0" />
  <testcase classname="ElevatorControlSystemTest" name="onTheWay" time="0.0" />
  <testcase classname="ElevatorControlSystemTest" name="differentFloorPickupRequest" time="0.0" />
  <testcase classname="ElevatorControlSystemTest" name="everythingInconvenient" time="0.001" />
  <system-out><![CDATA[]]></system-out>
  <system-err><![CDATA[]]></system-err>
</testsuite>
